Added Component: Designator=D1(LED_SSL-LX4673GD-LA20)
Added Component: Designator=D2(DIOAD928W47L399D179)
Add component (AddParameter): Name = "Availability"; Value = "Unavailable"; VariantName = "[No Variations]"
Add component (AddParameter): Name = "MF"; Value = ""; VariantName = "[No Variations]"
Add component (AddParameter): Name = "MP"; Value = "BZX55B10"; VariantName = "[No Variations]"
Add component (AddParameter): Name = "Package"; Value = "None"; VariantName = "[No Variations]"
Add component (AddParameter): Name = "Price"; Value = "None"; VariantName = "[No Variations]"
Add component (AddParameter): Name = "Value"; Value = ""; VariantName = "[No Variations]"
Added Component: Designator=D3(LED_SSL-LX4673GD-LA20)
Added Component: Designator=J1(barrier terminal)
Add component (AddParameter): Name = "manufacturer"; Value = "DORABO"; VariantName = "[No Variations]"
Add component (AddParameter): Name = "manufacturer part number"; Value = "DBT50G-9.5-2P"; VariantName = "[No Variations]"
Add component (AddParameter): Name = "supplier"; Value = "LCSC"; VariantName = "[No Variations]"
Add component (AddParameter): Name = "supplier part number"; Value = "C395958"; VariantName = "[No Variations]"
Added Component: Designator=J2(barrier terminal)
Add component (AddParameter): Name = "manufacturer"; Value = "DORABO"; VariantName = "[No Variations]"
Add component (AddParameter): Name = "manufacturer part number"; Value = "DBT50G-9.5-2P"; VariantName = "[No Variations]"
Add component (AddParameter): Name = "supplier"; Value = "LCSC"; VariantName = "[No Variations]"
Add component (AddParameter): Name = "supplier part number"; Value = "C395958"; VariantName = "[No Variations]"
Added Component: Designator=J3(barrier terminal)
Add component (AddParameter): Name = "manufacturer"; Value = "DORABO"; VariantName = "[No Variations]"
Add component (AddParameter): Name = "manufacturer part number"; Value = "DBT50G-9.5-2P"; VariantName = "[No Variations]"
Add component (AddParameter): Name = "supplier"; Value = "LCSC"; VariantName = "[No Variations]"
Add component (AddParameter): Name = "supplier part number"; Value = "C395958"; VariantName = "[No Variations]"
Added Component: Designator=J4(ROZETTA 2 PIN)
Added Component: Designator=J5(barrier terminal)
Add component (AddParameter): Name = "manufacturer"; Value = "DORABO"; VariantName = "[No Variations]"
Add component (AddParameter): Name = "manufacturer part number"; Value = "DBT50G-9.5-2P"; VariantName = "[No Variations]"
Add component (AddParameter): Name = "supplier"; Value = "LCSC"; VariantName = "[No Variations]"
Add component (AddParameter): Name = "supplier part number"; Value = "C395958"; VariantName = "[No Variations]"
Added Component: Designator=J6(ROZETTA 2 PIN)
Added Component: Designator=J7(ROZETTA 2 PIN)
Added Component: Designator=J8(ROZETTA 2 PIN)
Added Component: Designator=J9(ROZETTA 2 PIN)
Added Component: Designator=J10(ROZETTA 2 PIN)
Added Component: Designator=J11(barrier terminal)
Add component (AddParameter): Name = "manufacturer"; Value = "DORABO"; VariantName = "[No Variations]"
Add component (AddParameter): Name = "manufacturer part number"; Value = "DBT50G-9.5-2P"; VariantName = "[No Variations]"
Add component (AddParameter): Name = "supplier"; Value = "LCSC"; VariantName = "[No Variations]"
Add component (AddParameter): Name = "supplier part number"; Value = "C395958"; VariantName = "[No Variations]"
Added Component: Designator=J12(ROZETTA 2 PIN)
Added Component: Designator=J13(ROZETTA 2 PIN)
Added Component: Designator=J14(ROZETTA 2 PIN)
Added Component: Designator=J15(ROZETTA 2 PIN)
Added Component: Designator=J16(ROZETTA 2 PIN)
Added Component: Designator=Q(TO254P1054X469X2933-3)
Add component (AddParameter): Name = "Availability"; Value = "Unavailable"; VariantName = "[No Variations]"
Add component (AddParameter): Name = "MF"; Value = "Infineon Technologies"; VariantName = "[No Variations]"
Add component (AddParameter): Name = "MP"; Value = "IRF5210"; VariantName = "[No Variations]"
Add component (AddParameter): Name = "Package"; Value = "TO-220 Infineon Technologies"; VariantName = "[No Variations]"
Add component (AddParameter): Name = "Price"; Value = "None"; VariantName = "[No Variations]"
Add component (AddParameter): Name = "SnapEDA_Link"; Value = "https://www.snapeda.com/parts/IRF5210/Infineon%20Technologies/view-part/2777330/?ref=snap"; VariantName = "[No Variations]"
Add component (AddParameter): Name = "Value"; Value = ""; VariantName = "[No Variations]"
Added Component: Designator=R1(RESAD1081W64L635D269)
Add component (AddParameter): Name = "Check_prices"; Value = "https://www.snapeda.com/parts/RNC55H1003FRB14/Vishay/view-part/?ref=eda"; VariantName = "[No Variations]"
Add component (AddParameter): Name = "MF"; Value = "Vishay"; VariantName = "[No Variations]"
Add component (AddParameter): Name = "MP"; Value = "RNC55H1003FRB14"; VariantName = "[No Variations]"
Add component (AddParameter): Name = "Package"; Value = "erc55 Vishay"; VariantName = "[No Variations]"
Add component (AddParameter): Name = "SnapEDA_Link"; Value = "https://www.snapeda.com/parts/RNC55H1003FRB14/Vishay/view-part/?ref=snap"; VariantName = "[No Variations]"
Add component (AddParameter): Name = "Value"; Value = ""; VariantName = "[No Variations]"
Added Component: Designator=R2(RESAD1081W64L635D269)
Add component (AddParameter): Name = "Check_prices"; Value = "https://www.snapeda.com/parts/RNC55H1003FRB14/Vishay/view-part/?ref=eda"; VariantName = "[No Variations]"
Add component (AddParameter): Name = "MF"; Value = "Vishay"; VariantName = "[No Variations]"
Add component (AddParameter): Name = "MP"; Value = "RNC55H1003FRB14"; VariantName = "[No Variations]"
Add component (AddParameter): Name = "Package"; Value = "erc55 Vishay"; VariantName = "[No Variations]"
Add component (AddParameter): Name = "SnapEDA_Link"; Value = "https://www.snapeda.com/parts/RNC55H1003FRB14/Vishay/view-part/?ref=snap"; VariantName = "[No Variations]"
Add component (AddParameter): Name = "Value"; Value = ""; VariantName = "[No Variations]"
Added Component: Designator=R3(RESAD1081W64L635D269)
Add component (AddParameter): Name = "Check_prices"; Value = "https://www.snapeda.com/parts/RNC55H1003FRB14/Vishay/view-part/?ref=eda"; VariantName = "[No Variations]"
Add component (AddParameter): Name = "MF"; Value = "Vishay"; VariantName = "[No Variations]"
Add component (AddParameter): Name = "MP"; Value = "RNC55H1003FRB14"; VariantName = "[No Variations]"
Add component (AddParameter): Name = "Package"; Value = "erc55 Vishay"; VariantName = "[No Variations]"
Add component (AddParameter): Name = "SnapEDA_Link"; Value = "https://www.snapeda.com/parts/RNC55H1003FRB14/Vishay/view-part/?ref=snap"; VariantName = "[No Variations]"
Add component (AddParameter): Name = "Value"; Value = ""; VariantName = "[No Variations]"
Added Pin To Net: NetName=+5 Pin=D3-1
Added Pin To Net: NetName=+5 Pin=J2-1
Added Pin To Net: NetName=+5 Pin=J4-1
Added Pin To Net: NetName=+5 Pin=J6-1
Added Pin To Net: NetName=+5 Pin=J7-1
Added Pin To Net: NetName=+5 Pin=J8-1
Added Pin To Net: NetName=+5 Pin=J13-1
Added Pin To Net: NetName=+5 Pin=J16-1
Added Net: Name=+5
Added Pin To Net: NetName=+12.1 Pin=J3-1
Added Pin To Net: NetName=+12.1 Pin=Q-2
Added Net: Name=+12.1
Added Pin To Net: NetName=+12 Pin=J9-1
Added Pin To Net: NetName=+12 Pin=J10-1
Added Pin To Net: NetName=+12 Pin=J11-1
Added Pin To Net: NetName=+12 Pin=J12-1
Added Pin To Net: NetName=+12 Pin=J14-1
Added Pin To Net: NetName=+12 Pin=J15-1
Added Net: Name=+12
Added Pin To Net: NetName=GND Pin=D1-2
Added Pin To Net: NetName=GND Pin=J1-2
Added Pin To Net: NetName=GND Pin=J2-2
Added Pin To Net: NetName=GND Pin=J3-2
Added Pin To Net: NetName=GND Pin=J4-2
Added Pin To Net: NetName=GND Pin=J6-2
Added Pin To Net: NetName=GND Pin=J7-2
Added Pin To Net: NetName=GND Pin=J8-2
Added Pin To Net: NetName=GND Pin=J9-2
Added Pin To Net: NetName=GND Pin=J10-2
Added Pin To Net: NetName=GND Pin=J11-2
Added Pin To Net: NetName=GND Pin=J12-2
Added Pin To Net: NetName=GND Pin=J13-2
Added Pin To Net: NetName=GND Pin=J14-2
Added Pin To Net: NetName=GND Pin=J15-2
Added Pin To Net: NetName=GND Pin=J16-2
Added Pin To Net: NetName=GND Pin=R2-1
Added Pin To Net: NetName=GND Pin=R3-2
Added Net: Name=GND
Added Pin To Net: NetName=NetD1_1 Pin=D1-1
Added Pin To Net: NetName=NetD1_1 Pin=R1-2
Added Net: Name=NetD1_1
Added Pin To Net: NetName=NetD2_A Pin=D2-A
Added Pin To Net: NetName=NetD2_A Pin=Q-1
Added Pin To Net: NetName=NetD2_A Pin=R2-2
Added Net: Name=NetD2_A
Added Pin To Net: NetName=NetD3_2 Pin=D3-2
Added Pin To Net: NetName=NetD3_2 Pin=R3-1
Added Net: Name=NetD3_2
Added Pin To Net: NetName=Vfuse Pin=D2-C
Added Pin To Net: NetName=Vfuse Pin=J5-1
Added Pin To Net: NetName=Vfuse Pin=Q-3
Added Pin To Net: NetName=Vfuse Pin=R1-1
Added Net: Name=Vfuse
Added Pin To Net: NetName=Vout Pin=J1-1
Added Pin To Net: NetName=Vout Pin=J5-2
Added Net: Name=Vout
Added Class: Name=Sheet1
